C:\Users\User\Documents\GitHub\CarSystem\CarSystem\CarSystem\CarSystemClient\carSystem\dist\out-tsc\app\models\CarDetails.js
C:\Users\User\Documents\GitHub\CarSystem\CarSystem\CarSystem\CarSystemClient\carSystem\dist\out-tsc\app\models\CarDetails.js.map
C:\Users\User\Documents\GitHub\CarSystem\CarSystem\CarSystem\CarSystemClient\carSystem\dist\out-tsc\environments\environment.js
C:\Users\User\Documents\GitHub\CarSystem\CarSystem\CarSystem\CarSystemClient\carSystem\dist\out-tsc\environments\environment.js.map
C:\Users\User\Documents\GitHub\CarSystem\CarSystem\CarSystem\CarSystemClient\carSystem\dist\out-tsc\app\models\CarByMake.js
C:\Users\User\Documents\GitHub\CarSystem\CarSystem\CarSystem\CarSystemClient\carSystem\dist\out-tsc\app\models\CarByMake.js.map
C:\Users\User\Documents\GitHub\CarSystem\CarSystem\CarSystem\CarSystemClient\carSystem\dist\out-tsc\app\models\EditCar.js
C:\Users\User\Documents\GitHub\CarSystem\CarSystem\CarSystem\CarSystemClient\carSystem\dist\out-tsc\app\models\EditCar.js.map
C:\Users\User\Documents\GitHub\CarSystem\CarSystem\CarSystem\CarSystemClient\carSystem\dist\out-tsc\app\models\UpdateCar.js
C:\Users\User\Documents\GitHub\CarSystem\CarSystem\CarSystem\CarSystemClient\carSystem\dist\out-tsc\app\models\UpdateCar.js.map
C:\Users\User\Documents\GitHub\CarSystem\CarSystem\CarSystem\CarSystemClient\carSystem\dist\out-tsc\app\services\cars.service.js
C:\Users\User\Documents\GitHub\CarSystem\CarSystem\CarSystem\CarSystemClient\carSystem\dist\out-tsc\app\services\cars.service.js.map
C:\Users\User\Documents\GitHub\CarSystem\CarSystem\CarSystem\CarSystemClient\carSystem\dist\out-tsc\app\car-details\car-details.component.js
C:\Users\User\Documents\GitHub\CarSystem\CarSystem\CarSystem\CarSystemClient\carSystem\dist\out-tsc\app\car-details\car-details.component.js.map
C:\Users\User\Documents\GitHub\CarSystem\CarSystem\CarSystem\CarSystemClient\carSystem\dist\out-tsc\app\cars-by-make\cars-by-make.component.js
C:\Users\User\Documents\GitHub\CarSystem\CarSystem\CarSystem\CarSystemClient\carSystem\dist\out-tsc\app\cars-by-make\cars-by-make.component.js.map
C:\Users\User\Documents\GitHub\CarSystem\CarSystem\CarSystem\CarSystemClient\carSystem\dist\out-tsc\app\models\CreateCar.js
C:\Users\User\Documents\GitHub\CarSystem\CarSystem\CarSystem\CarSystemClient\carSystem\dist\out-tsc\app\models\CreateCar.js.map
C:\Users\User\Documents\GitHub\CarSystem\CarSystem\CarSystem\CarSystemClient\carSystem\dist\out-tsc\app\models\Make.js
C:\Users\User\Documents\GitHub\CarSystem\CarSystem\CarSystem\CarSystemClient\carSystem\dist\out-tsc\app\models\Make.js.map
C:\Users\User\Documents\GitHub\CarSystem\CarSystem\CarSystem\CarSystemClient\carSystem\dist\out-tsc\app\models\Model.js
C:\Users\User\Documents\GitHub\CarSystem\CarSystem\CarSystem\CarSystemClient\carSystem\dist\out-tsc\app\models\Model.js.map
C:\Users\User\Documents\GitHub\CarSystem\CarSystem\CarSystem\CarSystemClient\carSystem\dist\out-tsc\app\services\makes.service.js
C:\Users\User\Documents\GitHub\CarSystem\CarSystem\CarSystem\CarSystemClient\carSystem\dist\out-tsc\app\services\makes.service.js.map
C:\Users\User\Documents\GitHub\CarSystem\CarSystem\CarSystem\CarSystemClient\carSystem\dist\out-tsc\app\services\models.service.js
C:\Users\User\Documents\GitHub\CarSystem\CarSystem\CarSystem\CarSystemClient\carSystem\dist\out-tsc\app\services\models.service.js.map
C:\Users\User\Documents\GitHub\CarSystem\CarSystem\CarSystem\CarSystemClient\carSystem\dist\out-tsc\app\create-car\create-car.component.js
C:\Users\User\Documents\GitHub\CarSystem\CarSystem\CarSystem\CarSystemClient\carSystem\dist\out-tsc\app\create-car\create-car.component.js.map
C:\Users\User\Documents\GitHub\CarSystem\CarSystem\CarSystem\CarSystemClient\carSystem\dist\out-tsc\app\edit-car\edit-car.component.js
C:\Users\User\Documents\GitHub\CarSystem\CarSystem\CarSystem\CarSystemClient\carSystem\dist\out-tsc\app\edit-car\edit-car.component.js.map
C:\Users\User\Documents\GitHub\CarSystem\CarSystem\CarSystem\CarSystemClient\carSystem\dist\out-tsc\app\home\home.component.js
C:\Users\User\Documents\GitHub\CarSystem\CarSystem\CarSystem\CarSystemClient\carSystem\dist\out-tsc\app\home\home.component.js.map
C:\Users\User\Documents\GitHub\CarSystem\CarSystem\CarSystem\CarSystemClient\carSystem\dist\out-tsc\app\app-routing.module.js
C:\Users\User\Documents\GitHub\CarSystem\CarSystem\CarSystem\CarSystemClient\carSystem\dist\out-tsc\app\app-routing.module.js.map
C:\Users\User\Documents\GitHub\CarSystem\CarSystem\CarSystem\CarSystemClient\carSystem\dist\out-tsc\app\app.component.js
C:\Users\User\Documents\GitHub\CarSystem\CarSystem\CarSystem\CarSystemClient\carSystem\dist\out-tsc\app\app.component.js.map
C:\Users\User\Documents\GitHub\CarSystem\CarSystem\CarSystem\CarSystemClient\carSystem\dist\out-tsc\app\services\error-interceptor.service.js
C:\Users\User\Documents\GitHub\CarSystem\CarSystem\CarSystem\CarSystemClient\carSystem\dist\out-tsc\app\services\error-interceptor.service.js.map
C:\Users\User\Documents\GitHub\CarSystem\CarSystem\CarSystem\CarSystemClient\carSystem\dist\out-tsc\app\app.module.js
C:\Users\User\Documents\GitHub\CarSystem\CarSystem\CarSystem\CarSystemClient\carSystem\dist\out-tsc\app\app.module.js.map
C:\Users\User\Documents\GitHub\CarSystem\CarSystem\CarSystem\CarSystemClient\carSystem\dist\out-tsc\main.js
C:\Users\User\Documents\GitHub\CarSystem\CarSystem\CarSystem\CarSystemClient\carSystem\dist\out-tsc\main.js.map
C:\Users\User\Documents\GitHub\CarSystem\CarSystem\CarSystem\CarSystemClient\carSystem\dist\out-tsc\polyfills.js
C:\Users\User\Documents\GitHub\CarSystem\CarSystem\CarSystem\CarSystemClient\carSystem\dist\out-tsc\polyfills.js.map
C:\Users\User\Documents\GitHub\CarSystem\CarSystem\CarSystem\CarSystemClient\carSystem\dist\out-tsc\test.js
C:\Users\User\Documents\GitHub\CarSystem\CarSystem\CarSystem\CarSystemClient\carSystem\dist\out-tsc\test.js.map
C:\Users\User\Documents\GitHub\CarSystem\CarSystem\CarSystem\CarSystemClient\carSystem\dist\out-tsc\app\app.component.spec.js
C:\Users\User\Documents\GitHub\CarSystem\CarSystem\CarSystem\CarSystemClient\carSystem\dist\out-tsc\app\app.component.spec.js.map
C:\Users\User\Documents\GitHub\CarSystem\CarSystem\CarSystem\CarSystemClient\carSystem\dist\out-tsc\app\car-details\car-details.component.spec.js
C:\Users\User\Documents\GitHub\CarSystem\CarSystem\CarSystem\CarSystemClient\carSystem\dist\out-tsc\app\car-details\car-details.component.spec.js.map
C:\Users\User\Documents\GitHub\CarSystem\CarSystem\CarSystem\CarSystemClient\carSystem\dist\out-tsc\app\cars-by-make\cars-by-make.component.spec.js
C:\Users\User\Documents\GitHub\CarSystem\CarSystem\CarSystem\CarSystemClient\carSystem\dist\out-tsc\app\cars-by-make\cars-by-make.component.spec.js.map
C:\Users\User\Documents\GitHub\CarSystem\CarSystem\CarSystem\CarSystemClient\carSystem\dist\out-tsc\app\create-car\create-car.component.spec.js
C:\Users\User\Documents\GitHub\CarSystem\CarSystem\CarSystem\CarSystemClient\carSystem\dist\out-tsc\app\create-car\create-car.component.spec.js.map
C:\Users\User\Documents\GitHub\CarSystem\CarSystem\CarSystem\CarSystemClient\carSystem\dist\out-tsc\app\edit-car\edit-car.component.spec.js
C:\Users\User\Documents\GitHub\CarSystem\CarSystem\CarSystem\CarSystemClient\carSystem\dist\out-tsc\app\edit-car\edit-car.component.spec.js.map
C:\Users\User\Documents\GitHub\CarSystem\CarSystem\CarSystem\CarSystemClient\carSystem\dist\out-tsc\app\home\home.component.spec.js
C:\Users\User\Documents\GitHub\CarSystem\CarSystem\CarSystem\CarSystemClient\carSystem\dist\out-tsc\app\home\home.component.spec.js.map
C:\Users\User\Documents\GitHub\CarSystem\CarSystem\CarSystem\CarSystemClient\carSystem\dist\out-tsc\app\services\cars.service.spec.js
C:\Users\User\Documents\GitHub\CarSystem\CarSystem\CarSystem\CarSystemClient\carSystem\dist\out-tsc\app\services\cars.service.spec.js.map
C:\Users\User\Documents\GitHub\CarSystem\CarSystem\CarSystem\CarSystemClient\carSystem\dist\out-tsc\app\services\error-interceptor.service.spec.js
C:\Users\User\Documents\GitHub\CarSystem\CarSystem\CarSystem\CarSystemClient\carSystem\dist\out-tsc\app\services\error-interceptor.service.spec.js.map
C:\Users\User\Documents\GitHub\CarSystem\CarSystem\CarSystem\CarSystemClient\carSystem\dist\out-tsc\app\services\makes.service.spec.js
C:\Users\User\Documents\GitHub\CarSystem\CarSystem\CarSystem\CarSystemClient\carSystem\dist\out-tsc\app\services\makes.service.spec.js.map
C:\Users\User\Documents\GitHub\CarSystem\CarSystem\CarSystem\CarSystemClient\carSystem\dist\out-tsc\app\services\models.service.spec.js
C:\Users\User\Documents\GitHub\CarSystem\CarSystem\CarSystem\CarSystemClient\carSystem\dist\out-tsc\app\services\models.service.spec.js.map
C:\Users\User\Documents\GitHub\CarSystem\CarSystem\CarSystem\CarSystemClient\carSystem\dist\out-tsc\environments\environment.prod.js
C:\Users\User\Documents\GitHub\CarSystem\CarSystem\CarSystem\CarSystemClient\carSystem\dist\out-tsc\environments\environment.prod.js.map
